     1                                  
     2                                  section .data
     3                                  
     4 00000000 68656C6C6F20776F72-     	msg1 db "hello world",0
     4 00000009 6C6400             
     5 0000000C 616C69766520616E64-     	msg2 db "alive and kicking",0
     5 00000015 206B69636B696E6700 
     6 0000001E 65010000                	radius dd 357
     7 00000022 1F85EB51B81E0940        	pi dq 3.14
     8 0000002A 25730A00                	fmtstr db "%s",10,0 ;foramt for printing a string
     9 0000002E 256C660A00              	fmtflt db "%lf",10,0 ;format for a float
    10 00000033 25640A00                	fmtint db "%d",10,0 ;format for an integer
    11                                  
    12                                  section .bss
    13                                  
    14                                  section .text
    15                                  
    16                                  extern printf
    17                                  
    18                                  	global main
    19                                  
    20                                  main:
    21 00000000 55                      	push rbp
    22 00000001 4889E5                  	mov rbp,rsp
    23                                  
    24                                  	;print msg1
    25 00000004 B800000000              	mov rax,0 ;no floating point
    26 00000009 48BF-                   	mov rdi,fmtstr
    26 0000000B [2A00000000000000] 
    27 00000013 48BE-                   	mov rsi,msg1
    27 00000015 [0000000000000000] 
    28 0000001D E8(00000000)            	call printf
    29                                  
    30                                  	;print msg2
    31 00000022 B800000000              	mov rax,0
    32 00000027 48BF-                   	mov rdi,fmtstr
    32 00000029 [2A00000000000000] 
    33 00000031 48BF-                   	mov rdi,msg2
    33 00000033 [0C00000000000000] 
    34 0000003B E8(00000000)            	call printf
    35                                  
    36                                  	;print radius
    37 00000040 B800000000              	mov rax,0
    38 00000045 48BF-                   	mov rdi, fmtint
    38 00000047 [3300000000000000] 
    39 0000004F 488B3425[1E000000]      	mov rsi,[radius]
    40 00000057 E8(00000000)            	call printf
    41                                  
    42                                  	;print pie
    43 0000005C B801000000              	mov rax,1 ;1 xmm register used
    44 00000061 F30F7E0425-             	movq xmm0, [pi]
    44 00000066 [22000000]         
    45 0000006A E8(00000000)            	call printf
    46                                  
    47 0000006F 4889EC                  	mov rsp,rbp
    48 00000072 5D                      	pop rbp
    49 00000073 C3                      	ret
    50                                  
