     1                                  
     2                                  section .data
     3 00000000 68656C6C6F20776F72-     	msg1 db "hello world",10,0
     3 00000009 6C640A00           
     4                                  	msg1Len equ $-msg1-1 ;measure the length minus the 0
     5 0000000D 616C69766520616E64-     	msg2 db "alive and kicking",10,0
     5 00000016 206B69636B696E670A-
     5 0000001F 00                 
     6                                  	msg2Len equ $-msg2-1
     7 00000020 6501000000000000        	radius dq 357 ;no string, not displayable?
     8 00000028 1F85EB51B81E0940        	pi dq 3.14
     9                                  
    10                                  section .bss
    11                                  section .text
    12                                  
    13                                  	global main
    14                                  
    15                                  main:
    16 00000000 55                      	push rbp ;function prologue
    17 00000001 4889E5                  	mov rbp,rsp ;function prologue
    18 00000004 B801000000              	mov rax,1 ;write
    19 00000009 BF01000000              	mov rdi,1 ;stdout
    20 0000000E 48BE-                   	mov rsi,msg1 ;string offset
    20 00000010 [0000000000000000] 
    21 00000018 BA0C000000              	mov rdx,msg1Len
    22 0000001D 0F05                    	syscall
    23                                  
    24 0000001F B801000000              	mov rax,1
    25 00000024 BF01000000              	mov rdi,1
    26 00000029 48BE-                   	mov rsi,msg2
    26 0000002B [0D00000000000000] 
    27 00000033 BA12000000              	mov rdx,msg2Len
    28 00000038 0F05                    	syscall
    29                                  
    30 0000003A 4889EC                  	mov rsp,rbp ;function epilogue
    31 0000003D 5D                      	pop rbp ;function epilogue
    32 0000003E B83C000000              	mov rax,60
    33 00000043 BF00000000              	mov rdi,0
    34 00000048 0F05                    	syscall
    35                                  
