     1                                  extern printf
     2                                  
     3                                  section .data
     4                                  
     5 00000000 0000000000002440        	radius dq 10.0
     6                                  
     7                                  section .bss
     8                                  section .text
     9                                  
    10                                  area:
    11                                  	section .data
    12 00000008 50455254FB210940        		.pi dq 3.141592654 ;local to area
    13                                  	section .text
    14                                  
    15 00000000 55                      push rbp
    16 00000001 4889E5                  mov rbp,rsp
    17                                  
    18 00000004 F20F100425-             movsd xmm0,[radius]
    18 00000009 [00000000]         
    19 0000000D F20F590425-             mulsd xmm0,[radius]
    19 00000012 [00000000]         
    20 00000016 F20F590425-             mulsd xmm0,[.pi]
    20 0000001B [08000000]         
    21                                  
    22 0000001F C9                      leave
    23 00000020 C3                      ret
    24                                  
    25                                  circum:
    26                                  	section .data
    27 00000010 1F85EB51B81E0940        		.pi dq 3.14
    28                                  	section .text
    29 00000021 55                      	push rbp
    30 00000022 4889E5                  	mov rbp,rsp
    31                                  
    32 00000025 F20F100425-             	movsd xmm0,[radius]
    32 0000002A [00000000]         
    33 0000002E F20F580425-             	addsd xmm0,[radius]
    33 00000033 [00000000]         
    34 00000037 F20F590425-             	mulsd xmm0,[.pi]
    34 0000003C [10000000]         
    35                                  
    36 00000040 C9                      	leave
    37 00000041 C3                      	ret
    38                                  
    39                                  circle:
    40                                  section .data
    41 00000018 746865206172612069-     	.fmt_area db "the ara is %f",10,0
    41 00000021 732025660A00       
    42 00000027 746865206369726375-     	.fmt_circum db "the circumference is %f",10,0
    42 00000030 6D666572656E636520-
    42 00000039 69732025660A00     
    43                                  section .text
    44 00000042 55                      push rbp
    45 00000043 4889E5                  mov rbp,rsp
    46                                  
    47 00000046 E8B5FFFFFF              call area
    48 0000004B 48BF-                   mov rdi,.fmt_area
    48 0000004D [1800000000000000] 
    49 00000055 B801000000              mov rax,1
    50 0000005A E8(00000000)            call printf
    51 0000005F E8BDFFFFFF              call circum
    52 00000064 48BF-                   mov rdi,.fmt_circum
    52 00000066 [2700000000000000] 
    53 0000006E B801000000              mov rax,1
    54 00000073 E8(00000000)            call printf
    55 00000078 C9                      leave
    56 00000079 C3                      ret
    57                                  
    58                                  	global main
    59                                  
    60                                  main:
    61 0000007A 55                      	push rbp
    62 0000007B 4889E5                  	mov rbp,rsp
    63                                  
    64 0000007E E8BFFFFFFF              	call circle
    65                                  
    66 00000083 C9                      	leave
    67 00000084 C3                      	ret
