     1                                  
     2                                  
     3                                  section .data
     4                                  
     5 00000000 68656C6C6F2C20776F-         msg db "hello, world",0
     5 00000009 726C6400           
     6 0000000D 0A                          NL db 0xa ;ascii code for new line
     7                                  
     8                                  section .bss
     9                                  
    10                                  section .text
    11                                  
    12                                      global main
    13                                  
    14                                  main:
    15 00000000 B801000000                  mov rax, 1 ;write
    16 00000005 BF01000000                  mov rdi,1 ;stdout
    17 0000000A 48BE-                       mov rsi,msg
    17 0000000C [0000000000000000] 
    18 00000014 BA0C000000                  mov rdx,12 ;length of the string
    19 00000019 0F05                        syscall
    20                                  
    21 0000001B B801000000                  mov rax,1 ;write
    22 00000020 BF01000000                  mov rdi,1 ;stdout
    23 00000025 48BE-                       mov rsi, NL ;new line
    23 00000027 [0D00000000000000] 
    24 0000002F BA01000000                  mov rdx,1 ;display string
    25 00000034 0F05                        syscall
    26                                  
    27 00000036 B83C000000                  mov rax,60 ;exit
    28 0000003B BF00000000                  mov rdi,0  ;success exit code
    29 00000040 0F05                        syscall
